<?xml version="1.0" encoding="UTF-8"?>
<!-- Generated by org.testng.reporters.JUnitXMLReporter -->
<testsuite ignored="0" hostname="LAPTOP-77IH5718" failures="0" tests="32" name="Default test" time="86.463" errors="0" timestamp="2025-01-27T11:50:46 IST">
  <testcase classname="AutomatedTesting.CapstoneProject" name="TitleVerification" time="0.027"/>
  <testcase classname="AutomatedTesting.CapstoneProject" name="NavigationMenuVerification" time="0.037"/>
  <testcase classname="AutomatedTesting.CapstoneProject" name="HealthProgramsDropDownVerification" time="0.168"/>
  <testcase classname="AutomatedTesting.CapstoneProject" name="ServicesDropDownVerification" time="0.114"/>
  <testcase classname="AutomatedTesting.CapstoneProject" name="CprDropDownVerification" time="0.095"/>
  <testcase classname="AutomatedTesting.CapstoneProject" name="AboutDropDownVerification" time="0.101"/>
  <testcase classname="AutomatedTesting.CapstoneProject" name="AboutTextVerification" time="0.031"/>
  <testcase classname="AutomatedTesting.CapstoneProject" name="AboutUsLinkVerification" time="0.042"/>
  <testcase classname="AutomatedTesting.CapstoneProject" name="ContactUsLinkVerification" time="0.028"/>
  <testcase classname="AutomatedTesting.CapstoneProject" name="FacebookLinkVerification" time="0.034"/>
  <testcase classname="AutomatedTesting.CapstoneProject" name="QuitTobbaccoLinkVerification" time="0.019"/>
  <testcase classname="AutomatedTesting.CapstoneProject" name="HealthyAgingLinkVerification" time="0.036"/>
  <testcase classname="AutomatedTesting.CapstoneProject" name="HealthInsuranceLinkVerification" time="0.022"/>
  <testcase classname="AutomatedTesting.CapstoneProject" name="AhecScholarsLinkVerification" time="0.033"/>
  <testcase classname="AutomatedTesting.CapstoneProject" name="SearchBarFuntionality" time="2.027"/>
  <testcase classname="AutomatedTesting.CapstoneProject" name="HealthProgramsFunctionality1" time="1.038"/>
  <testcase classname="AutomatedTesting.CapstoneProject" name="HealthProgramsFunctionality2" time="1.012"/>
  <testcase classname="AutomatedTesting.CapstoneProject" name="HealthProgramsFunctionality3" time="2.915"/>
  <testcase classname="AutomatedTesting.CapstoneProject" name="HealthProgramsFunctionality4" time="1.035"/>
  <testcase classname="AutomatedTesting.CapstoneProject" name="HealthProgramsFunctionality" time="4.227"/>
  <testcase classname="AutomatedTesting.CapstoneProject" name="ServicesFunctionality" time="3.499"/>
  <testcase classname="AutomatedTesting.CapstoneProject" name="AboutFunctionality" time="5.414"/>
  <testcase classname="AutomatedTesting.CapstoneProject" name="HealthPrograms_TobaccoContent_Verification" time="1.922"/>
  <testcase classname="AutomatedTesting.CapstoneProject" name="HealthPrograms_AHECSCHOLARS_Verification" time="2.71"/>
  <testcase classname="AutomatedTesting.CapstoneProject" name="HealthPrograms_HealthyAging_Verification" time="2.383"/>
  <testcase classname="AutomatedTesting.CapstoneProject" name="HealthPrograms_CoveringFlorida_Verification" time="5.25"/>
  <testcase classname="AutomatedTesting.CapstoneProject" name="Services_CommunityBased_Verification" time="1.308"/>
  <testcase classname="AutomatedTesting.CapstoneProject" name="Services_ContinuingEducationServices_Verification" time="1.371"/>
  <testcase classname="AutomatedTesting.CapstoneProject" name="UserRegistration" time="5.382"/>
  <testcase classname="AutomatedTesting.CapstoneProject" name="UserLogin" time="11.993"/>
  <testcase classname="AutomatedTesting.CapstoneProject" name="HealthAgingRegister" time="17.26"/>
  <testcase classname="AutomatedTesting.CapstoneProject" name="tobaccoVerification" time="3.379"/>
</testsuite> <!-- Default test -->
